<?xml version="1.0" encoding="UTF-8"?>
<!-- Generated by org.testng.reporters.JUnitReportReporter -->
<testsuite hostname="EPBYMINW10AC" failures="0" tests="1" name="autoTests.googleCloudTests.CertificationTest" time="22.064" errors="0" timestamp="2022-06-23T23:37:25 GET" skipped="0">
  <testcase classname="autoTests.googleCloudTests.CertificationTest" name="checkingAbilityToRegistrOnCertificationTest" time="22.064"/>
  <system-out/>
</testsuite> <!-- autoTests.googleCloudTests.CertificationTest -->
